[2022-07-03 01:40:23Z INFO HostContext] No proxy settings were found based on environmental variables (http_proxy/https_proxy/HTTP_PROXY/HTTPS_PROXY)
[2022-07-03 01:40:23Z INFO HostContext] Well known directory 'Bin': '/Users/markuswagner/Projects/blog/github_runner/bin'
[2022-07-03 01:40:23Z INFO HostContext] Well known directory 'Root': '/Users/markuswagner/Projects/blog/github_runner'
[2022-07-03 01:40:23Z INFO HostContext] Well known config file 'Credentials': '/Users/markuswagner/Projects/blog/github_runner/.credentials'
[2022-07-03 01:40:23Z INFO HostContext] Well known directory 'Bin': '/Users/markuswagner/Projects/blog/github_runner/bin'
[2022-07-03 01:40:23Z INFO HostContext] Well known directory 'Root': '/Users/markuswagner/Projects/blog/github_runner'
[2022-07-03 01:40:23Z INFO HostContext] Well known config file 'Runner': '/Users/markuswagner/Projects/blog/github_runner/.runner'
[2022-07-03 01:40:23Z INFO Listener] Runner is built for OSX (Arm64) - osx-arm64.
[2022-07-03 01:40:23Z INFO Listener] RuntimeInformation: Darwin 21.5.0 Darwin Kernel Version 21.5.0: Tue Apr 26 21:08:29 PDT 2022; root:xnu-8020.121.3~4/RELEASE_ARM64_T8101.
[2022-07-03 01:40:23Z INFO Listener] Version: 2.294.0
[2022-07-03 01:40:23Z INFO Listener] Commit: 709bd6113d2fca3a89a0fef11913ce4efd7b8cc5
[2022-07-03 01:40:23Z INFO Listener] Culture: de-DE
[2022-07-03 01:40:23Z INFO Listener] UI Culture: de-DE
[2022-07-03 01:40:23Z INFO HostContext] Well known directory 'Bin': '/Users/markuswagner/Projects/blog/github_runner/bin'
[2022-07-03 01:40:23Z INFO HostContext] Well known directory 'Root': '/Users/markuswagner/Projects/blog/github_runner'
[2022-07-03 01:40:23Z INFO Listener] Validating directory permissions for: '/Users/markuswagner/Projects/blog/github_runner'
[2022-07-03 01:40:23Z INFO CommandLineParser] Parse
[2022-07-03 01:40:23Z INFO CommandLineParser] Parsing 5 args
[2022-07-03 01:40:23Z INFO CommandLineParser] parsing argument
[2022-07-03 01:40:23Z INFO CommandLineParser] HasArgs: False
[2022-07-03 01:40:23Z INFO CommandLineParser] Adding Command: configure
[2022-07-03 01:40:23Z INFO CommandLineParser] parsing argument
[2022-07-03 01:40:23Z INFO CommandLineParser] HasArgs: True
[2022-07-03 01:40:23Z INFO CommandLineParser] arg: url
[2022-07-03 01:40:23Z INFO CommandLineParser] parsing argument
[2022-07-03 01:40:23Z INFO CommandLineParser] HasArgs: True
[2022-07-03 01:40:23Z INFO CommandLineParser] Adding option 'url': 'https://github.com/djdiox/blog'
[2022-07-03 01:40:23Z INFO CommandLineParser] parsing argument
[2022-07-03 01:40:23Z INFO CommandLineParser] HasArgs: True
[2022-07-03 01:40:23Z INFO CommandLineParser] arg: token
[2022-07-03 01:40:23Z INFO CommandLineParser] parsing argument
[2022-07-03 01:40:23Z INFO CommandLineParser] HasArgs: True
[2022-07-03 01:40:23Z INFO CommandLineParser] Adding option 'token': '***'
[2022-07-03 01:40:23Z INFO Listener] Arguments parsed
[2022-07-03 01:40:23Z INFO Runner] ExecuteCommand
[2022-07-03 01:40:23Z INFO ConfigurationStore] currentAssemblyLocation: /Users/markuswagner/Projects/blog/github_runner/bin/Runner.Listener.dll
[2022-07-03 01:40:23Z INFO HostContext] Well known directory 'Bin': '/Users/markuswagner/Projects/blog/github_runner/bin'
[2022-07-03 01:40:23Z INFO ConfigurationStore] binPath: /Users/markuswagner/Projects/blog/github_runner/bin
[2022-07-03 01:40:23Z INFO HostContext] Well known directory 'Bin': '/Users/markuswagner/Projects/blog/github_runner/bin'
[2022-07-03 01:40:23Z INFO HostContext] Well known directory 'Root': '/Users/markuswagner/Projects/blog/github_runner'
[2022-07-03 01:40:23Z INFO ConfigurationStore] RootFolder: /Users/markuswagner/Projects/blog/github_runner
[2022-07-03 01:40:23Z INFO HostContext] Well known directory 'Bin': '/Users/markuswagner/Projects/blog/github_runner/bin'
[2022-07-03 01:40:23Z INFO HostContext] Well known directory 'Root': '/Users/markuswagner/Projects/blog/github_runner'
[2022-07-03 01:40:23Z INFO HostContext] Well known config file 'Runner': '/Users/markuswagner/Projects/blog/github_runner/.runner'
[2022-07-03 01:40:23Z INFO ConfigurationStore] ConfigFilePath: /Users/markuswagner/Projects/blog/github_runner/.runner
[2022-07-03 01:40:23Z INFO HostContext] Well known directory 'Bin': '/Users/markuswagner/Projects/blog/github_runner/bin'
[2022-07-03 01:40:23Z INFO HostContext] Well known directory 'Root': '/Users/markuswagner/Projects/blog/github_runner'
[2022-07-03 01:40:23Z INFO HostContext] Well known config file 'Credentials': '/Users/markuswagner/Projects/blog/github_runner/.credentials'
[2022-07-03 01:40:23Z INFO ConfigurationStore] CredFilePath: /Users/markuswagner/Projects/blog/github_runner/.credentials
[2022-07-03 01:40:23Z INFO HostContext] Well known directory 'Bin': '/Users/markuswagner/Projects/blog/github_runner/bin'
[2022-07-03 01:40:23Z INFO HostContext] Well known directory 'Root': '/Users/markuswagner/Projects/blog/github_runner'
[2022-07-03 01:40:23Z INFO HostContext] Well known config file 'MigratedCredentials': '/Users/markuswagner/Projects/blog/github_runner/.credentials_migrated'
[2022-07-03 01:40:23Z INFO ConfigurationStore] MigratedCredFilePath: /Users/markuswagner/Projects/blog/github_runner/.credentials_migrated
[2022-07-03 01:40:23Z INFO HostContext] Well known directory 'Bin': '/Users/markuswagner/Projects/blog/github_runner/bin'
[2022-07-03 01:40:23Z INFO HostContext] Well known directory 'Root': '/Users/markuswagner/Projects/blog/github_runner'
[2022-07-03 01:40:23Z INFO HostContext] Well known config file 'Service': '/Users/markuswagner/Projects/blog/github_runner/.service'
[2022-07-03 01:40:23Z INFO ConfigurationStore] ServiceConfigFilePath: /Users/markuswagner/Projects/blog/github_runner/.service
[2022-07-03 01:40:23Z INFO CommandSettings] Flag 'help': 'False'
[2022-07-03 01:40:23Z INFO CommandSettings] Flag 'version': 'False'
[2022-07-03 01:40:23Z INFO CommandSettings] Flag 'commit': 'False'
[2022-07-03 01:40:23Z INFO CommandSettings] Flag 'check': 'False'
[2022-07-03 01:40:23Z INFO CommandSettings] Command 'configure': 'True'
[2022-07-03 01:40:23Z INFO Terminal] WRITE LINE: 
[2022-07-03 01:40:23Z INFO Terminal] WRITE LINE: --------------------------------------------------------------------------------
[2022-07-03 01:40:23Z INFO Terminal] WRITE LINE: |        ____ _ _   _   _       _          _        _   _                      |
[2022-07-03 01:40:23Z INFO Terminal] WRITE LINE: |       / ___(_) |_| | | |_   _| |__      / \   ___| |_(_) ___  _ __  ___      |
[2022-07-03 01:40:23Z INFO Terminal] WRITE LINE: |      | |  _| | __| |_| | | | | '_ \    / _ \ / __| __| |/ _ \| '_ \/ __|     |
[2022-07-03 01:40:23Z INFO Terminal] WRITE LINE: |      | |_| | | |_|  _  | |_| | |_) |  / ___ \ (__| |_| | (_) | | | \__ \     |
[2022-07-03 01:40:23Z INFO Terminal] WRITE LINE: |       \____|_|\__|_| |_|\__,_|_.__/  /_/   \_\___|\__|_|\___/|_| |_|___/     |
[2022-07-03 01:40:23Z INFO Terminal] WRITE LINE: |                                                                              |
[2022-07-03 01:40:23Z INFO Terminal] WRITE: |                       
[2022-07-03 01:40:23Z INFO Terminal] WRITE: Self-hosted runner registration
[2022-07-03 01:40:23Z INFO Terminal] WRITE LINE:                         |
[2022-07-03 01:40:23Z INFO Terminal] WRITE LINE: |                                                                              |
[2022-07-03 01:40:23Z INFO Terminal] WRITE LINE: --------------------------------------------------------------------------------
[2022-07-03 01:40:23Z INFO ConfigurationManager] ConfigureAsync
[2022-07-03 01:40:23Z INFO ConfigurationStore] IsConfigured()
[2022-07-03 01:40:23Z INFO ConfigurationStore] IsConfigured: False
[2022-07-03 01:40:23Z INFO ConfigurationManager] Is configured: False
[2022-07-03 01:40:23Z INFO CommandSettings] Arg 'url': 'https://github.com/djdiox/blog'
[2022-07-03 01:40:23Z INFO CommandSettings] Remove url from Arg dictionary.
[2022-07-03 01:40:23Z INFO CommandSettings] Arg 'token': '***'
[2022-07-03 01:40:23Z INFO CommandSettings] Remove token from Arg dictionary.
[2022-07-03 01:40:24Z INFO ConfigurationManager] Http response code: OK from 'POST https://api.github.com/actions/runner-registration'
[2022-07-03 01:40:24Z INFO ConfigurationManager] cred retrieved via GitHub auth
[2022-07-03 01:40:24Z INFO RunnerServer] Establish connection with 100 seconds timeout.
[2022-07-03 01:40:24Z INFO GitHubActionsService] Starting operation Location.GetConnectionData
[2022-07-03 01:40:24Z INFO RunnerServer] Establish connection with 60 seconds timeout.
[2022-07-03 01:40:24Z INFO GitHubActionsService] Starting operation Location.GetConnectionData
[2022-07-03 01:40:24Z INFO RunnerServer] Establish connection with 60 seconds timeout.
[2022-07-03 01:40:24Z INFO GitHubActionsService] Starting operation Location.GetConnectionData
[2022-07-03 01:40:25Z INFO GitHubActionsService] Finished operation Location.GetConnectionData
[2022-07-03 01:40:25Z INFO GitHubActionsService] Finished operation Location.GetConnectionData
[2022-07-03 01:40:25Z INFO GitHubActionsService] Finished operation Location.GetConnectionData
[2022-07-03 01:40:25Z INFO Terminal] WRITE LINE: 
[2022-07-03 01:40:25Z INFO ConfigurationManager] Test Connection complete.
[2022-07-03 01:40:25Z INFO HostContext] Well known directory 'Bin': '/Users/markuswagner/Projects/blog/github_runner/bin'
[2022-07-03 01:40:25Z INFO HostContext] Well known directory 'Root': '/Users/markuswagner/Projects/blog/github_runner'
[2022-07-03 01:40:25Z INFO HostContext] Well known config file 'RSACredentials': '/Users/markuswagner/Projects/blog/github_runner/.credentials_rsaparams'
[2022-07-03 01:40:25Z INFO RSAFileKeyManager] Creating new RSA key using 2048-bit key length
[2022-07-03 01:40:25Z INFO RSAFileKeyManager] Successfully saved RSA key parameters to file /Users/markuswagner/Projects/blog/github_runner/.credentials_rsaparams
[2022-07-03 01:40:25Z INFO RSAFileKeyManager] Which: 'chmod'
[2022-07-03 01:40:25Z INFO RSAFileKeyManager] Location: '/bin/chmod'
[2022-07-03 01:40:25Z INFO HostContext] Well known directory 'Bin': '/Users/markuswagner/Projects/blog/github_runner/bin'
[2022-07-03 01:40:25Z INFO HostContext] Well known directory 'Root': '/Users/markuswagner/Projects/blog/github_runner'
[2022-07-03 01:40:25Z INFO ProcessInvokerWrapper] Starting process:
[2022-07-03 01:40:25Z INFO ProcessInvokerWrapper]   File name: '/bin/chmod'
[2022-07-03 01:40:25Z INFO ProcessInvokerWrapper]   Arguments: '600 /Users/markuswagner/Projects/blog/github_runner/.credentials_rsaparams'
[2022-07-03 01:40:25Z INFO ProcessInvokerWrapper]   Working directory: '/Users/markuswagner/Projects/blog/github_runner'
[2022-07-03 01:40:25Z INFO ProcessInvokerWrapper]   Require exit code zero: 'False'
[2022-07-03 01:40:25Z INFO ProcessInvokerWrapper]   Encoding web name:  ; code page: ''
[2022-07-03 01:40:25Z INFO ProcessInvokerWrapper]   Force kill process on cancellation: 'False'
[2022-07-03 01:40:25Z INFO ProcessInvokerWrapper]   Redirected STDIN: 'False'
[2022-07-03 01:40:25Z INFO ProcessInvokerWrapper]   Persist current code page: 'False'
[2022-07-03 01:40:25Z INFO ProcessInvokerWrapper]   Keep redirected STDIN open: 'False'
[2022-07-03 01:40:25Z INFO ProcessInvokerWrapper]   High priority process: 'False'
[2022-07-03 01:40:25Z INFO ProcessInvokerWrapper] Process started with process id 42491, waiting for process exit.
[2022-07-03 01:40:25Z INFO ProcessInvokerWrapper] STDOUT/STDERR stream read finished.
[2022-07-03 01:40:25Z INFO ProcessInvokerWrapper] STDOUT/STDERR stream read finished.
[2022-07-03 01:40:25Z INFO ProcessInvokerWrapper] Finished process 42491 with exit code 0, and elapsed time 00:00:00.0364744.
[2022-07-03 01:40:25Z INFO RSAFileKeyManager] Successfully set permissions for RSA key parameters file /Users/markuswagner/Projects/blog/github_runner/.credentials_rsaparams
[2022-07-03 01:40:25Z INFO CommandSettings] Arg 'runnergroup': ''
[2022-07-03 01:40:25Z INFO CommandSettings] Flag 'unattended': 'False'
[2022-07-03 01:40:25Z INFO PromptManager] ReadValue
[2022-07-03 01:40:25Z INFO Terminal] WRITE: Enter the name of the runner group to add this runner to: 
[2022-07-03 01:40:25Z INFO Terminal] WRITE: [press Enter for Default] 
[2022-07-03 01:40:25Z INFO Terminal] READ LINE
[2022-07-03 01:40:33Z INFO Terminal] Read value: ''
[2022-07-03 01:40:33Z INFO PromptManager] Falling back to the default: 'Default'
[2022-07-03 01:40:33Z INFO Terminal] WRITE LINE: 
[2022-07-03 01:40:33Z INFO ConfigurationManager] Found a self-hosted runner group with id 1 and name Default
[2022-07-03 01:40:33Z INFO CommandSettings] Flag 'disableupdate': 'False'
[2022-07-03 01:40:33Z INFO CommandSettings] Flag 'ephemeral': 'False'
[2022-07-03 01:40:33Z INFO CommandSettings] Arg 'name': ''
[2022-07-03 01:40:33Z INFO CommandSettings] Flag 'unattended': 'False'
[2022-07-03 01:40:33Z INFO PromptManager] ReadValue
[2022-07-03 01:40:33Z INFO Terminal] WRITE: Enter the name of runner: 
[2022-07-03 01:40:33Z INFO Terminal] WRITE: [press Enter for AirvonMarkus2] 
[2022-07-03 01:40:33Z INFO Terminal] READ LINE
[2022-07-03 01:40:38Z INFO Terminal] Read value: 'MacBook'
[2022-07-03 01:40:38Z INFO Terminal] WRITE LINE: 
[2022-07-03 01:40:38Z INFO CommandSettings] Arg 'labels': ''
[2022-07-03 01:40:38Z INFO CommandSettings] Flag 'unattended': 'False'
[2022-07-03 01:40:38Z INFO PromptManager] ReadValue
[2022-07-03 01:40:38Z INFO Terminal] WRITE: This runner will have the following labels: 'self-hosted', 'macOS', 'ARM64' 
Enter any additional labels (ex. label-1,label-2): 
[2022-07-03 01:40:38Z INFO Terminal] WRITE: [press Enter to skip] 
[2022-07-03 01:40:38Z INFO Terminal] READ LINE
[2022-07-03 01:40:53Z INFO Terminal] Read value: 'work-pc'
[2022-07-03 01:40:53Z INFO Terminal] WRITE LINE: 
[2022-07-03 01:40:53Z INFO CommandSettings] Flag 'disableupdate': 'False'
[2022-07-03 01:40:53Z INFO CommandSettings] Flag 'disableupdate': 'False'
[2022-07-03 01:40:53Z INFO CommandSettings] Flag 'ephemeral': 'False'
[2022-07-03 01:40:53Z INFO ConfigurationStore] Saving OAuth credential @ /Users/markuswagner/Projects/blog/github_runner/.credentials
[2022-07-03 01:40:53Z INFO ConfigurationStore] Credentials Saved.
[2022-07-03 01:40:53Z INFO ConfigurationStore] HasCredentials()
[2022-07-03 01:40:53Z INFO ConfigurationStore] stored True
[2022-07-03 01:40:53Z INFO CredentialManager] GetCredentialProvider
[2022-07-03 01:40:53Z INFO CredentialManager] Creating type OAuth
[2022-07-03 01:40:53Z INFO CredentialManager] Creating credential type: OAuth
[2022-07-03 01:40:53Z INFO RSAFileKeyManager] Loading RSA key parameters from file /Users/markuswagner/Projects/blog/github_runner/.credentials_rsaparams
[2022-07-03 01:40:53Z INFO RunnerServer] Establish connection with 100 seconds timeout.
[2022-07-03 01:40:53Z INFO GitHubActionsService] Starting operation Location.GetConnectionData
[2022-07-03 01:40:53Z INFO RunnerServer] Establish connection with 60 seconds timeout.
[2022-07-03 01:40:53Z INFO GitHubActionsService] Starting operation Location.GetConnectionData
[2022-07-03 01:40:53Z INFO RunnerServer] Establish connection with 60 seconds timeout.
[2022-07-03 01:40:53Z INFO GitHubActionsService] Starting operation Location.GetConnectionData
[2022-07-03 01:40:54Z INFO GitHubActionsService] Finished operation Location.GetConnectionData
[2022-07-03 01:40:54Z INFO GitHubActionsService] Finished operation Location.GetConnectionData
[2022-07-03 01:40:54Z INFO GitHubActionsService] Finished operation Location.GetConnectionData
[2022-07-03 01:40:54Z WARN GitHubActionsService] Authentication failed with status code 401.
Transfer-Encoding: chunked
WWW-Authenticate: Bearer
Strict-Transport-Security: max-age=2592000
X-TFS-ProcessId: d64f38d7-816e-414a-8024-d00f97c1b135
ActivityId: bd002199-b1be-49c9-82f9-aaa88c22c41e
X-TFS-Session: a6588433-47c0-4261-9a9d-a8c96f581f44
X-VSS-E2EID: 3ce2f483-4458-4920-8140-1ee577f149ae
X-VSS-SenderDeploymentId: d8e2ca4d-fc49-4fde-de7b-4a7ca9dd6aba
X-TFS-ServiceError: The+user+%27System%3aPublicAccess%3baaaaaaaa-aaaa-aaaa-aaaa-aaaaaaaaaaaa%27+is+not+authorized+to+access+this+resource.
X-VSS-S2STargetService: 0000005A-0000-8888-8000-000000000000/visualstudio.com
X-Cache: CONFIG_NOCACHE
X-MSEdge-Ref: Ref A: F0650A26FD664D059C5387A9556264D6 Ref B: FRAEDGE1408 Ref C: 2022-07-03T01:40:54Z
Date: Sun, 03 Jul 2022 01:40:53 GMT

[2022-07-03 01:40:54Z INFO RSAFileKeyManager] Loading RSA key parameters from file /Users/markuswagner/Projects/blog/github_runner/.credentials_rsaparams
[2022-07-03 01:40:54Z INFO RSAFileKeyManager] Loading RSA key parameters from file /Users/markuswagner/Projects/blog/github_runner/.credentials_rsaparams
[2022-07-03 01:40:54Z INFO GitHubActionsService] AAD Correlation ID for this token request: Unknown
[2022-07-03 01:40:54Z INFO CommandSettings] Arg 'work': ''
[2022-07-03 01:40:54Z INFO CommandSettings] Flag 'unattended': 'False'
[2022-07-03 01:40:54Z INFO PromptManager] ReadValue
[2022-07-03 01:40:54Z INFO Terminal] WRITE: Enter name of work folder: 
[2022-07-03 01:40:54Z INFO Terminal] WRITE: [press Enter for _work] 
[2022-07-03 01:40:54Z INFO Terminal] READ LINE
[2022-07-03 01:41:00Z INFO Terminal] Read value: ''
[2022-07-03 01:41:00Z INFO PromptManager] Falling back to the default: '_work'
[2022-07-03 01:41:00Z INFO ConfigurationStore] Saving runner settings.
[2022-07-03 01:41:00Z INFO ConfigurationStore] Settings Saved.
[2022-07-03 01:41:00Z INFO Terminal] WRITE LINE: 
[2022-07-03 01:41:00Z INFO Terminal] WRITE LINE: 
[2022-07-03 01:41:00Z INFO OsxServiceControlManager] Service name 'actions.runner.djdiox-blog.MacBook' display name 'GitHub Actions Runner (djdiox-blog.MacBook)' will be used for service configuration.
[2022-07-03 01:41:00Z INFO HostContext] Well known directory 'Bin': '/Users/markuswagner/Projects/blog/github_runner/bin'
[2022-07-03 01:41:00Z INFO HostContext] Well known directory 'Root': '/Users/markuswagner/Projects/blog/github_runner'
[2022-07-03 01:41:00Z INFO HostContext] Well known directory 'Bin': '/Users/markuswagner/Projects/blog/github_runner/bin'
[2022-07-03 01:41:00Z INFO HostContext] Well known directory 'Bin': '/Users/markuswagner/Projects/blog/github_runner/bin'
[2022-07-03 01:41:00Z INFO HostContext] Well known directory 'Root': '/Users/markuswagner/Projects/blog/github_runner'
[2022-07-03 01:41:00Z INFO UnixUtil] Which: 'chmod'
[2022-07-03 01:41:00Z INFO UnixUtil] Location: '/bin/chmod'
[2022-07-03 01:41:00Z INFO UnixUtil] Running /bin/chmod 755 "/Users/markuswagner/Projects/blog/github_runner/svc.sh"
[2022-07-03 01:41:00Z INFO ProcessInvokerWrapper] Starting process:
[2022-07-03 01:41:00Z INFO ProcessInvokerWrapper]   File name: '/bin/chmod'
[2022-07-03 01:41:00Z INFO ProcessInvokerWrapper]   Arguments: '755 "/Users/markuswagner/Projects/blog/github_runner/svc.sh"'
[2022-07-03 01:41:00Z INFO ProcessInvokerWrapper]   Working directory: '/Users/markuswagner/Projects/blog/github_runner'
[2022-07-03 01:41:00Z INFO ProcessInvokerWrapper]   Require exit code zero: 'True'
[2022-07-03 01:41:00Z INFO ProcessInvokerWrapper]   Encoding web name:  ; code page: ''
[2022-07-03 01:41:00Z INFO ProcessInvokerWrapper]   Force kill process on cancellation: 'False'
[2022-07-03 01:41:00Z INFO ProcessInvokerWrapper]   Redirected STDIN: 'False'
[2022-07-03 01:41:00Z INFO ProcessInvokerWrapper]   Persist current code page: 'False'
[2022-07-03 01:41:00Z INFO ProcessInvokerWrapper]   Keep redirected STDIN open: 'False'
[2022-07-03 01:41:00Z INFO ProcessInvokerWrapper]   High priority process: 'False'
[2022-07-03 01:41:00Z INFO ProcessInvokerWrapper] STDOUT/STDERR stream read finished.
[2022-07-03 01:41:00Z INFO ProcessInvokerWrapper] STDOUT/STDERR stream read finished.
[2022-07-03 01:41:00Z INFO ProcessInvokerWrapper] Process started with process id 42535, waiting for process exit.
[2022-07-03 01:41:00Z INFO ProcessInvokerWrapper] Finished process 42535 with exit code 0, and elapsed time 00:00:00.0358584.
[2022-07-03 01:41:00Z INFO Listener] Runner execution has finished with return code 0
